<?xml version="1.0" encoding="UTF-8"?>
<!-- Generated by org.testng.reporters.JUnitReportReporter -->
<testsuite hostname="seebeal" failures="0" tests="5" name="magento.Magento" time="32.890" errors="0" timestamp="2024-08-20T14:12:39 EET" skipped="1">
  <testcase classname="magento.Magento" name="CreateAnAccount" time="5.693"/>
  <system-out/>
  <testcase classname="magento.Magento" name="logoutpage" time="1.955"/>
  <system-out/>
  <testcase classname="magento.Magento" name="loginPage" time="4.887"/>
  <system-out/>
  <testcase classname="magento.Magento" name="addWomenItem" time="20.355"/>
  <system-out/>
  <testcase classname="magento.Magento" name="addmanItem">
    <skipped/>
  </testcase> <!-- addmanItem -->
  <system-out/>
</testsuite> <!-- magento.Magento -->
