<?xml version="1.0" encoding="UTF-8"?>
<!-- Generated by org.testng.reporters.JUnitReportReporter -->
<testsuite hostname="seebeal" failures="0" tests="5" name="magento.Magento" time="29.141" errors="0" timestamp="2024-08-11T14:33:19 EET" skipped="0">
  <testcase classname="magento.Magento" name="CreateAnAccount" time="6.364"/>
  <system-out/>
  <testcase classname="magento.Magento" name="logoutpage" time="2.161"/>
  <system-out/>
  <testcase classname="magento.Magento" name="loginPage" time="6.093"/>
  <system-out/>
  <testcase classname="magento.Magento" name="addWomenItem" time="9.018"/>
  <system-out/>
  <testcase classname="magento.Magento" name="Reviews" time="5.505"/>
  <system-out/>
</testsuite> <!-- magento.Magento -->
